2023-11-05 13:29:50.715 [main] INFO  Freerouting v1.9.0 (build-date: 2023-10-30)
2023-11-05 13:29:50.752 [main] INFO  Settings were loaded from freerouting.json
2023-11-05 13:29:51.767 [main] INFO  Opening 'ergogen/output/pcbs/nib.dsn'...
2023-11-05 13:29:51.827 [main] ERROR ergogen/output/pcbs/nib.dsn (No such file or directory)
java.io.FileNotFoundException: ergogen/output/pcbs/nib.dsn (No such file or directory)
	at java.io.FileInputStream.open0(Native Method) ~[?:?]
	at java.io.FileInputStream.open(FileInputStream.java:213) ~[?:?]
	at java.io.FileInputStream.<init>(FileInputStream.java:152) ~[?:?]
	at app.freerouting.gui.DesignFile.get_input_stream(DesignFile.java:147) [freerouting-1.9.0.jar:unspecified]
	at app.freerouting.gui.MainApplication.create_board_frame(MainApplication.java:569) [freerouting-1.9.0.jar:unspecified]
	at app.freerouting.gui.MainApplication.main(MainApplication.java:362) [freerouting-1.9.0.jar:unspecified]
2023-11-05 13:29:51.839 [main] WARN  Couldn't create window frame
2023-11-05 13:30:43.874 [main] INFO  Freerouting v1.9.0 (build-date: 2023-10-30)
2023-11-05 13:30:43.910 [main] INFO  Settings were loaded from freerouting.json
2023-11-05 13:30:44.928 [main] INFO  Opening 'home/n/src/ergogen/output/pcbs/nib.dsn'...
2023-11-05 13:30:44.983 [main] ERROR home/n/src/ergogen/output/pcbs/nib.dsn (No such file or directory)
java.io.FileNotFoundException: home/n/src/ergogen/output/pcbs/nib.dsn (No such file or directory)
	at java.io.FileInputStream.open0(Native Method) ~[?:?]
	at java.io.FileInputStream.open(FileInputStream.java:213) ~[?:?]
	at java.io.FileInputStream.<init>(FileInputStream.java:152) ~[?:?]
	at app.freerouting.gui.DesignFile.get_input_stream(DesignFile.java:147) [freerouting-1.9.0.jar:unspecified]
	at app.freerouting.gui.MainApplication.create_board_frame(MainApplication.java:569) [freerouting-1.9.0.jar:unspecified]
	at app.freerouting.gui.MainApplication.main(MainApplication.java:362) [freerouting-1.9.0.jar:unspecified]
2023-11-05 13:30:44.993 [main] WARN  Couldn't create window frame
2023-11-05 13:32:09.040 [main] INFO  Freerouting v1.9.0 (build-date: 2023-10-30)
2023-11-05 13:32:09.077 [main] INFO  Settings were loaded from freerouting.json
2023-11-05 13:32:10.091 [main] INFO  Opening '/home/n/src/ergogen/output/pcbs/nib.dsn'...
2023-11-05 13:32:10.544 [ForkJoinPool.commonPool-worker-1] INFO  New version available: v1.9.0
2023-11-05 13:32:10.744 [main] INFO  Opening 'freerouting.rules'...
2023-11-05 13:32:10.748 [main] WARN  RulesFile.read: design_name not matching at 'MCU1_12'
2023-11-05 13:32:10.749 [main] WARN  Network.insert_net_class: clearance class not found at 'PowerGround'
2023-11-05 13:32:14.347 [Thread-27] INFO  Starting auto-routing...
2023-11-05 13:32:52.156 [Thread-27] WARN  There were only 19.25 changes in the last 20 passes, so it's very likely that autorouter can't improve the result much further. It is recommended to stop it and finish the board manually.
2023-11-05 13:33:01.460 [Thread-27] INFO  Auto-routing was completed in 47.11 seconds.
2023-11-05 13:33:01.561 [Thread-27] INFO  Starting route optimization on 1 thread...
2023-11-05 13:33:20.184 [Thread-27] INFO  Route optimization was completed in 18.62 seconds.
2023-11-05 13:33:20.197 [Thread-27] INFO  Saving '/home/n/src/ergogen/output/pcbs/nib.ses'...
2023-11-05 13:40:33.581 [main] INFO  Freerouting v1.9.0 (build-date: 2023-10-30)
2023-11-05 13:40:33.617 [main] INFO  Settings were loaded from freerouting.json
2023-11-05 13:40:34.649 [main] INFO  Opening '/home/n/src/ergogen/output/pcbs/nib.dsn'...
2023-11-05 13:40:35.060 [ForkJoinPool.commonPool-worker-1] INFO  New version available: v1.9.0
2023-11-05 13:40:35.470 [main] INFO  Opening 'freerouting.rules'...
2023-11-05 13:40:35.474 [main] WARN  RulesFile.read: design_name not matching at 'MCU1_12'
2023-11-05 13:40:35.476 [main] WARN  Network.insert_net_class: clearance class not found at 'PowerGround'
2023-11-05 13:40:37.766 [Thread-27] INFO  Starting auto-routing...
2023-11-05 13:41:15.816 [Thread-27] WARN  There were only 19.25 changes in the last 20 passes, so it's very likely that autorouter can't improve the result much further. It is recommended to stop it and finish the board manually.
2023-11-05 13:41:25.017 [Thread-27] INFO  Auto-routing was completed in 47.25 seconds.
2023-11-05 13:41:25.118 [Thread-27] INFO  Starting route optimization on 1 thread...
2023-11-05 13:41:43.448 [Thread-27] INFO  Route optimization was completed in 18.33 seconds.
2023-11-05 13:41:43.461 [Thread-27] INFO  Saving '/home/n/src/ergogen/output/pcbs/nib.ses'...
2023-11-05 14:08:38.184 [main] INFO  Freerouting v1.9.0 (build-date: 2023-10-30)
2023-11-05 14:08:38.220 [main] INFO  Settings were loaded from freerouting.json
2023-11-05 14:08:39.252 [main] INFO  Opening '/home/n/src/ergogen/output/pcbs/nib.dsn'...
2023-11-05 14:08:39.677 [ForkJoinPool.commonPool-worker-1] INFO  New version available: v1.9.0
2023-11-05 14:08:39.907 [main] INFO  Opening 'freerouting.rules'...
2023-11-05 14:08:39.911 [main] WARN  RulesFile.read: design_name not matching at 'MCU1_12'
2023-11-05 14:08:39.913 [main] WARN  Network.insert_net_class: clearance class not found at 'PowerGround'
2023-11-05 14:08:40.186 [Thread-26] INFO  Starting auto-routing...
2023-11-05 14:09:17.607 [Thread-26] WARN  There were only 19.25 changes in the last 20 passes, so it's very likely that autorouter can't improve the result much further. It is recommended to stop it and finish the board manually.
2023-11-05 14:09:27.015 [Thread-26] INFO  Auto-routing was completed in 46.83 seconds.
2023-11-05 14:09:27.115 [Thread-26] INFO  Starting route optimization on 1 thread...
2023-11-05 14:09:45.994 [Thread-26] INFO  Route optimization was completed in 18.88 seconds.
2023-11-05 14:09:46.008 [Thread-26] INFO  Saving '/home/n/src/ergogen/output/pcbs/nib.ses'...
2023-11-05 14:14:15.595 [main] INFO  Freerouting v1.9.0 (build-date: 2023-10-30)
2023-11-05 14:14:15.631 [main] INFO  Settings were loaded from freerouting.json
2023-11-05 14:14:16.648 [main] INFO  Opening '/home/n/src/ergogen/output/pcbs/nib.dsn'...
2023-11-05 14:14:17.071 [ForkJoinPool.commonPool-worker-1] INFO  New version available: v1.9.0
2023-11-05 14:14:17.295 [main] INFO  Opening 'freerouting.rules'...
2023-11-05 14:14:17.300 [main] WARN  RulesFile.read: design_name not matching at 'MCU1_12'
2023-11-05 14:14:17.301 [main] WARN  Network.insert_net_class: clearance class not found at 'PowerGround'
2023-11-05 14:14:17.606 [Thread-26] INFO  Starting auto-routing...
2023-11-05 14:14:55.550 [Thread-26] WARN  There were only 19.25 changes in the last 20 passes, so it's very likely that autorouter can't improve the result much further. It is recommended to stop it and finish the board manually.
2023-11-05 14:15:04.860 [Thread-26] INFO  Auto-routing was completed in 47.25 seconds.
2023-11-05 14:15:04.961 [Thread-26] INFO  Starting route optimization on 1 thread...
2023-11-05 14:15:23.699 [Thread-26] INFO  Route optimization was completed in 18.74 seconds.
2023-11-05 14:15:23.713 [Thread-26] INFO  Saving '/home/n/src/ergogen/output/pcbs/nib.ses'...
2023-11-05 16:52:54.326 [main] INFO  Freerouting v1.9.0 (build-date: 2023-10-30)
2023-11-05 16:52:54.362 [main] INFO  Settings were loaded from freerouting.json
2023-11-05 16:52:55.847 [ForkJoinPool.commonPool-worker-1] INFO  New version available: v1.9.0
2023-11-05 16:53:18.369 [AWT-EventQueue-0] INFO  Opening 'nib.dsn'...
2023-11-05 16:53:23.806 [AWT-EventQueue-0] INFO  Saving 'nib.ses'...
2023-11-05 16:53:30.223 [AWT-EventQueue-0] INFO  Saving 'nib.rules'...
2023-11-05 16:57:29.598 [main] INFO  Freerouting v1.9.0 (build-date: 2023-10-30)
2023-11-05 16:57:29.633 [main] INFO  Settings were loaded from freerouting.json
2023-11-05 16:57:30.648 [main] INFO  Opening '/home/n/src/ergogen/output/pcbs/nib.dsn'...
2023-11-05 16:57:31.045 [ForkJoinPool.commonPool-worker-1] INFO  New version available: v1.9.0
2023-11-05 16:57:31.315 [main] INFO  Opening 'nib.rules'...
2023-11-05 16:57:43.089 [AWT-EventQueue-0] INFO  Saving 'nib.ses'...
2023-11-05 16:57:44.653 [AWT-EventQueue-0] INFO  Saving 'nib.rules'...
2023-11-05 17:01:32.083 [main] INFO  Freerouting v1.9.0 (build-date: 2023-10-30)
2023-11-05 17:01:32.119 [main] INFO  Settings were loaded from freerouting.json
2023-11-05 17:01:33.135 [main] INFO  Opening '/home/n/src/ergogen/output/pcbs/nib.dsn'...
2023-11-05 17:01:33.533 [ForkJoinPool.commonPool-worker-1] INFO  New version available: v1.9.0
2023-11-05 17:01:33.784 [main] INFO  Opening 'nib.rules'...
2023-11-05 17:01:44.342 [AWT-EventQueue-0] INFO  Saving 'nib.ses'...
2023-11-05 17:01:46.024 [AWT-EventQueue-0] INFO  Saving 'nib.rules'...
2023-11-05 17:09:21.709 [main] INFO  Freerouting v1.9.0 (build-date: 2023-10-30)
2023-11-05 17:09:21.744 [main] INFO  Settings were loaded from freerouting.json
2023-11-05 17:09:22.759 [main] INFO  Opening '/home/n/src/ergogen/output/pcbs/nib.dsn'...
2023-11-05 17:09:23.213 [ForkJoinPool.commonPool-worker-1] INFO  New version available: v1.9.0
2023-11-05 17:09:23.586 [main] INFO  Opening 'nib.rules'...
2023-11-05 18:03:57.698 [main] INFO  Freerouting v1.9.0 (build-date: 2023-10-30)
2023-11-05 18:03:57.734 [main] INFO  Settings were loaded from freerouting.json
2023-11-05 18:03:58.750 [main] INFO  Opening '/home/n/src/ergogen/output/pcbs/nib.dsn'...
2023-11-05 18:03:59.183 [ForkJoinPool.commonPool-worker-1] INFO  New version available: v1.9.0
2023-11-05 18:03:59.527 [main] INFO  Opening 'nib.rules'...
2023-11-05 18:04:53.619 [main] INFO  Freerouting v1.9.0 (build-date: 2023-10-30)
2023-11-05 18:04:53.654 [main] INFO  Settings were loaded from freerouting.json
2023-11-05 18:04:54.688 [main] INFO  Opening '/home/n/src/ergogen/output/pcbs/nib.dsn'...
2023-11-05 18:04:55.113 [ForkJoinPool.commonPool-worker-1] INFO  New version available: v1.9.0
2023-11-05 18:04:55.345 [main] INFO  Opening 'nib.rules'...
2023-11-05 18:05:38.107 [main] INFO  Freerouting v1.9.0 (build-date: 2023-10-30)
2023-11-05 18:05:38.143 [main] INFO  Settings were loaded from freerouting.json
2023-11-05 18:05:39.158 [main] INFO  Opening '/home/n/src/ergogen/output/pcbs/nib.dsn'...
2023-11-05 18:05:39.554 [ForkJoinPool.commonPool-worker-1] INFO  New version available: v1.9.0
2023-11-05 18:05:39.809 [main] INFO  Opening '/home/n/src/ergogen/freerouting.rules'...
2023-11-05 18:05:39.811 [main] WARN  RulesFile.read: design_name not matching at 'MCU1_12'
2023-11-05 18:05:39.814 [main] WARN  Network.insert_net_class: clearance class not found at 'PowerGround'
2023-11-05 18:09:04.638 [main] INFO  Freerouting v1.9.0 (build-date: 2023-10-30)
2023-11-05 18:09:04.673 [main] INFO  Settings were loaded from freerouting.json
2023-11-05 18:09:05.688 [main] INFO  Opening '/home/n/src/ergogen/output/pcbs/nib.dsn'...
2023-11-05 18:09:06.276 [ForkJoinPool.commonPool-worker-1] INFO  New version available: v1.9.0
2023-11-05 18:09:06.345 [main] INFO  Opening 'nib.rules'...
2023-11-05 18:09:13.532 [Thread-1] INFO  Starting auto-routing...
2023-11-05 18:09:20.794 [main] INFO  Freerouting v1.9.0 (build-date: 2023-10-30)
2023-11-05 18:09:20.829 [main] INFO  Settings were loaded from freerouting.json
2023-11-05 18:09:21.844 [main] INFO  Opening '/home/n/src/ergogen/output/pcbs/nib.dsn'...
2023-11-05 18:09:22.318 [ForkJoinPool.commonPool-worker-1] INFO  New version available: v1.9.0
2023-11-05 18:09:22.671 [main] INFO  Opening 'nib.rules'...
2023-11-05 18:09:49.957 [main] INFO  Freerouting v1.9.0 (build-date: 2023-10-30)
2023-11-05 18:09:49.993 [main] INFO  Settings were loaded from freerouting.json
2023-11-05 18:09:51.008 [main] INFO  Opening '/home/n/src/ergogen/output/pcbs/nib.dsn'...
2023-11-05 18:09:51.428 [ForkJoinPool.commonPool-worker-1] INFO  New version available: v1.9.0
2023-11-05 18:09:51.848 [main] INFO  Opening '/home/n/src/ergogen/freerouting.rules'...
2023-11-05 18:09:51.852 [main] WARN  RulesFile.read: design_name not matching at 'MCU1_12'
2023-11-05 18:09:51.854 [main] WARN  Network.insert_net_class: clearance class not found at 'PowerGround'
2023-11-05 18:10:45.365 [main] INFO  Freerouting v1.9.0 (build-date: 2023-10-30)
2023-11-05 18:10:45.401 [main] INFO  Settings were loaded from freerouting.json
2023-11-05 18:10:46.418 [main] INFO  Opening '/home/n/src/ergogen/output/pcbs/nib.dsn'...
2023-11-05 18:10:46.856 [ForkJoinPool.commonPool-worker-1] INFO  New version available: v1.9.0
2023-11-05 18:10:47.059 [main] INFO  Opening 'nib.rules'...
2023-11-05 18:12:41.673 [main] INFO  Freerouting v1.9.0 (build-date: 2023-10-30)
2023-11-05 18:12:41.709 [main] INFO  Settings were loaded from freerouting.json
2023-11-05 18:12:42.724 [main] INFO  Opening '/home/n/src/ergogen/output/pcbs/nib.dsn'...
2023-11-05 18:12:43.137 [ForkJoinPool.commonPool-worker-1] INFO  New version available: v1.9.0
2023-11-05 18:12:43.502 [main] INFO  Opening 'nib.rules'...
2023-11-05 18:12:56.535 [main] INFO  Freerouting v1.9.0 (build-date: 2023-10-30)
2023-11-05 18:12:56.570 [main] INFO  Settings were loaded from freerouting.json
2023-11-05 18:12:57.586 [main] INFO  Opening '/home/n/src/ergogen/output/pcbs/nib.dsn'...
2023-11-05 18:12:57.879 [ForkJoinPool.commonPool-worker-1] INFO  New version available: v1.9.0
2023-11-05 18:12:58.384 [main] INFO  Opening 'nib.rules'...
2023-11-05 18:21:28.660 [main] INFO  Freerouting v1.9.0 (build-date: 2023-10-30)
2023-11-05 18:21:28.696 [main] INFO  Settings were loaded from freerouting.json
2023-11-05 18:21:29.727 [main] INFO  Opening '/home/n/src/ergogen/output/pcbs/nib.dsn'...
2023-11-05 18:21:30.144 [ForkJoinPool.commonPool-worker-1] INFO  New version available: v1.9.0
2023-11-05 18:21:30.532 [main] INFO  Opening 'nib.rules'...
2023-11-05 18:27:49.287 [main] INFO  Freerouting v1.9.0 (build-date: 2023-10-30)
2023-11-05 18:27:49.323 [main] INFO  Settings were loaded from freerouting.json
2023-11-05 18:27:50.338 [main] INFO  Opening '/home/n/src/ergogen/output/pcbs/nib.dsn'...
2023-11-05 18:27:50.749 [ForkJoinPool.commonPool-worker-1] INFO  New version available: v1.9.0
2023-11-05 18:27:51.110 [main] INFO  Opening '/home/n/src/ergogen/freerouting.rules'...
2023-11-05 18:27:51.115 [main] WARN  RulesFile.read: design_name not matching at 'MCU1_12'
2023-11-05 18:27:51.117 [main] WARN  Network.insert_net_class: clearance class not found at 'PowerGround'
2023-11-05 18:29:08.952 [main] INFO  Freerouting v1.9.0 (build-date: 2023-10-30)
2023-11-05 18:29:08.987 [main] INFO  Settings were loaded from freerouting.json
2023-11-05 18:29:10.004 [main] INFO  Opening '/home/n/src/ergogen/output/pcbs/nib.dsn'...
2023-11-05 18:29:10.400 [ForkJoinPool.commonPool-worker-1] INFO  New version available: v1.9.0
2023-11-05 18:29:10.685 [main] INFO  Opening '/home/n/src/ergogen/freerouting.rules'...
2023-11-05 18:29:10.690 [main] WARN  RulesFile.read: design_name not matching at 'MCU1_12'
2023-11-05 18:29:10.691 [main] WARN  Network.insert_net_class: clearance class not found at 'PowerGround'
2023-11-05 20:34:35.205 [main] INFO  Freerouting v1.9.0 (build-date: 2023-10-30)
2023-11-05 20:34:35.240 [main] INFO  Settings were loaded from freerouting.json
2023-11-05 20:34:36.254 [main] INFO  Opening '/home/n/src/ergogen/output/pcbs/nib.dsn'...
2023-11-05 20:34:36.915 [ForkJoinPool.commonPool-worker-1] INFO  New version available: v1.9.0
2023-11-05 20:34:36.949 [main] INFO  Opening 'nib.rules'...
2023-11-05 20:34:47.259 [Thread-1] INFO  Starting auto-routing...
2023-11-05 20:34:59.241 [Thread-1] INFO  Auto-routing was completed in 11.98 seconds.
2023-11-05 20:34:59.342 [Thread-1] INFO  Starting route optimization on 1 thread...
2023-11-05 20:34:59.355 [Thread-1] INFO  Route optimization was completed in 0.01 seconds.
2023-11-05 20:34:59.380 [Thread-1] INFO  Saving '/home/n/src/ergogen/output/pcbs/nib.ses'...
2023-11-05 20:35:19.604 [main] INFO  Freerouting v1.9.0 (build-date: 2023-10-30)
2023-11-05 20:35:19.639 [main] INFO  Settings were loaded from freerouting.json
2023-11-05 20:35:20.653 [main] INFO  Opening '/home/n/src/ergogen/output/pcbs/nib.dsn'...
2023-11-05 20:35:21.376 [ForkJoinPool.commonPool-worker-1] INFO  New version available: v1.9.0
2023-11-05 20:35:21.445 [main] INFO  Opening 'freerouting.rules'...
2023-11-05 20:35:21.449 [main] WARN  RulesFile.read: design_name not matching at 'MCU1_12'
2023-11-05 20:35:21.451 [main] WARN  Network.insert_net_class: clearance class not found at 'PowerGround'
2023-11-05 20:35:21.603 [Thread-1] INFO  Starting auto-routing...
2023-11-05 20:35:56.645 [Thread-1] WARN  There were only 19.10 changes in the last 20 passes, so it's very likely that autorouter can't improve the result much further. It is recommended to stop it and finish the board manually.
2023-11-05 20:36:05.635 [Thread-1] INFO  Auto-routing was completed in 44.03 seconds.
2023-11-05 20:36:05.736 [Thread-1] INFO  Starting route optimization on 1 thread...
2023-11-05 20:36:23.572 [Thread-1] INFO  Route optimization was completed in 17.83 seconds.
2023-11-05 20:36:23.584 [Thread-1] INFO  Saving '/home/n/src/ergogen/output/pcbs/nib.ses'...
2023-11-05 20:53:12.449 [main] INFO  Freerouting v1.9.0 (build-date: 2023-10-30)
2023-11-05 20:53:12.485 [main] INFO  Settings were loaded from freerouting.json
2023-11-05 20:53:13.499 [main] INFO  Opening '/home/n/src/ergogen/output/pcbs/nib.dsn'...
2023-11-05 20:53:14.101 [ForkJoinPool.commonPool-worker-1] INFO  New version available: v1.9.0
2023-11-05 20:53:14.443 [Thread-1] INFO  Starting auto-routing...
2023-11-05 20:53:16.965 [AWT-EventQueue-0] ERROR Cannot invoke "app.freerouting.geometry.planar.FloatPoint.rotate(double, app.freerouting.geometry.planar.FloatPoint)" because "p_point" is null
java.lang.NullPointerException: Cannot invoke "app.freerouting.geometry.planar.FloatPoint.rotate(double, app.freerouting.geometry.planar.FloatPoint)" because "p_point" is null
	at app.freerouting.boardgraphics.CoordinateTransform.board_to_screen(CoordinateTransform.java:82) ~[freerouting-1.9.0.jar:unspecified]
	at app.freerouting.interactive.InteractiveState.mouse_wheel_moved(InteractiveState.java:90) ~[freerouting-1.9.0.jar:unspecified]
	at app.freerouting.interactive.BoardHandling.mouse_wheel_moved(BoardHandling.java:721) ~[freerouting-1.9.0.jar:unspecified]
	at app.freerouting.gui.BoardPanel.lambda$default_init$0(BoardPanel.java:123) ~[freerouting-1.9.0.jar:unspecified]
	at java.awt.Component.processMouseWheelEvent(Component.java:6709) ~[?:?]
	at java.awt.Component.processEvent(Component.java:6393) ~[?:?]
	at java.awt.Container.processEvent(Container.java:2266) ~[?:?]
	at java.awt.Component.dispatchEventImpl(Component.java:4996) ~[?:?]
	at java.awt.Container.dispatchEventImpl(Container.java:2324) ~[?:?]
	at java.awt.Component.dispatchEvent(Component.java:4828) ~[?:?]
	at java.awt.LightweightDispatcher.retargetMouseEvent(Container.java:4948) ~[?:?]
	at java.awt.LightweightDispatcher.processMouseEvent(Container.java:4604) ~[?:?]
	at java.awt.LightweightDispatcher.dispatchEvent(Container.java:4516) ~[?:?]
	at java.awt.Container.dispatchEventImpl(Container.java:2310) ~[?:?]
	at java.awt.Window.dispatchEventImpl(Window.java:2780) ~[?:?]
	at java.awt.Component.dispatchEvent(Component.java:4828) ~[?:?]
	at java.awt.EventQueue.dispatchEventImpl(EventQueue.java:775) ~[?:?]
	at java.awt.EventQueue$4.run(EventQueue.java:720) ~[?:?]
	at java.awt.EventQueue$4.run(EventQueue.java:714) ~[?:?]
	at java.security.AccessController.doPrivileged(AccessController.java:400) ~[?:?]
	at java.security.ProtectionDomain$JavaSecurityAccessImpl.doIntersectionPrivilege(ProtectionDomain.java:87) ~[?:?]
	at java.security.ProtectionDomain$JavaSecurityAccessImpl.doIntersectionPrivilege(ProtectionDomain.java:98) ~[?:?]
	at java.awt.EventQueue$5.run(EventQueue.java:747) ~[?:?]
	at java.awt.EventQueue$5.run(EventQueue.java:745) ~[?:?]
	at java.security.AccessController.doPrivileged(AccessController.java:400) ~[?:?]
	at java.security.ProtectionDomain$JavaSecurityAccessImpl.doIntersectionPrivilege(ProtectionDomain.java:87) ~[?:?]
	at java.awt.EventQueue.dispatchEvent(EventQueue.java:744) ~[?:?]
	at java.awt.EventDispatchThread.pumpOneEventForFilters(EventDispatchThread.java:203) [?:?]
	at java.awt.EventDispatchThread.pumpEventsForFilter(EventDispatchThread.java:124) [?:?]
	at java.awt.EventDispatchThread.pumpEventsForHierarchy(EventDispatchThread.java:113) [?:?]
	at java.awt.EventDispatchThread.pumpEvents(EventDispatchThread.java:109) [?:?]
	at java.awt.EventDispatchThread.pumpEvents(EventDispatchThread.java:101) [?:?]
	at java.awt.EventDispatchThread.run(EventDispatchThread.java:90) [?:?]
2023-11-05 20:53:46.802 [Thread-1] WARN  There were only 14.35 changes in the last 20 passes, so it's very likely that autorouter can't improve the result much further. It is recommended to stop it and finish the board manually.
2023-11-05 20:53:56.902 [Thread-1] INFO  Auto-routing was completed in 42.46 seconds.
2023-11-05 20:53:57.002 [Thread-1] INFO  Starting route optimization on 1 thread...
2023-11-05 20:54:16.852 [Thread-1] INFO  Route optimization was completed in 19.85 seconds.
2023-11-05 20:54:16.864 [Thread-1] INFO  Saving '/home/n/src/ergogen/output/pcbs/nib.ses'...
2023-11-05 20:59:40.559 [main] INFO  Freerouting v1.9.0 (build-date: 2023-10-30)
2023-11-05 20:59:40.594 [main] INFO  Settings were loaded from freerouting.json
2023-11-05 21:04:00.449 [main] INFO  Freerouting v1.9.0 (build-date: 2023-10-30)
2023-11-05 21:04:00.484 [main] INFO  Settings were loaded from freerouting.json
2023-11-05 21:04:01.498 [main] INFO  Opening '/home/n/src/ergogen/output/pcbs/nib.dsn'...
2023-11-05 21:04:02.098 [ForkJoinPool.commonPool-worker-1] INFO  New version available: v1.9.0
2023-11-05 21:04:02.432 [Thread-1] INFO  Starting auto-routing...
2023-11-05 21:04:34.309 [Thread-1] WARN  There were only 14.35 changes in the last 20 passes, so it's very likely that autorouter can't improve the result much further. It is recommended to stop it and finish the board manually.
2023-11-05 21:04:44.272 [Thread-1] INFO  Auto-routing was completed in 41.84 seconds.
2023-11-05 21:04:44.372 [Thread-1] INFO  Starting route optimization on 1 thread...
2023-11-05 21:05:03.780 [Thread-1] INFO  Route optimization was completed in 19.41 seconds.
2023-11-05 21:05:03.793 [Thread-1] INFO  Saving '/home/n/src/ergogen/output/pcbs/nib.ses'...
2023-11-05 21:09:05.037 [main] INFO  Freerouting v1.9.0 (build-date: 2023-10-30)
2023-11-05 21:09:05.072 [main] INFO  Settings were loaded from freerouting.json
2023-11-05 21:09:06.087 [main] INFO  Opening '/home/n/src/ergogen/output/pcbs/nib.dsn'...
2023-11-05 21:09:06.638 [ForkJoinPool.commonPool-worker-1] INFO  New version available: v1.9.0
2023-11-05 21:09:07.051 [Thread-1] INFO  Starting auto-routing...
2023-11-05 21:09:25.420 [main] INFO  Freerouting v1.9.0 (build-date: 2023-10-30)
2023-11-05 21:09:25.455 [main] INFO  Settings were loaded from freerouting.json
2023-11-05 21:09:26.470 [main] INFO  Opening '/home/n/src/ergogen/output/pcbs/nib.dsn'...
2023-11-05 21:09:27.126 [ForkJoinPool.commonPool-worker-1] INFO  New version available: v1.9.0
2023-11-05 21:09:27.419 [Thread-1] INFO  Starting auto-routing...
2023-11-05 21:09:57.759 [Thread-1] INFO  Auto-routing was completed in 30.34 seconds.
2023-11-05 21:09:57.860 [Thread-1] INFO  Starting route optimization on 1 thread...
2023-11-05 21:10:17.630 [Thread-1] INFO  Route optimization was completed in 19.77 seconds.
2023-11-05 21:10:17.642 [Thread-1] INFO  Saving '/home/n/src/ergogen/output/pcbs/nib.ses'...
2023-11-05 21:21:51.607 [main] INFO  Freerouting v1.9.0 (build-date: 2023-10-30)
2023-11-05 21:21:51.643 [main] INFO  Settings were loaded from freerouting.json
2023-11-05 21:21:52.657 [main] INFO  Opening '/home/n/src/ergogen/output/pcbs/nib.dsn'...
2023-11-05 21:21:53.070 [ForkJoinPool.commonPool-worker-1] INFO  New version available: v1.9.0
2023-11-05 21:22:21.382 [main] INFO  Freerouting v1.9.0 (build-date: 2023-10-30)
2023-11-05 21:22:21.417 [main] INFO  Settings were loaded from freerouting.json
2023-11-05 21:22:22.433 [main] INFO  Opening '/home/n/src/ergogen/output/pcbs/nib.dsn'...
2023-11-05 21:22:22.836 [ForkJoinPool.commonPool-worker-1] INFO  New version available: v1.9.0
2023-11-05 21:23:50.623 [AWT-EventQueue-0] WARN  ViaVindow.setValueAt: via_info not found
2023-11-05 21:24:43.386 [AWT-EventQueue-0] INFO  Saving 'nib.ses'...
2023-11-05 21:24:44.468 [AWT-EventQueue-0] INFO  Saving 'nib.rules'...
2023-11-05 21:34:00.293 [AWT-EventQueue-0] INFO  Saving 'nib.ses'...
2023-11-05 21:34:01.216 [AWT-EventQueue-0] INFO  Saving 'nib.rules'...
2023-11-05 21:38:57.787 [main] INFO  Freerouting v1.9.0 (build-date: 2023-10-30)
2023-11-05 21:38:57.822 [main] INFO  Settings were loaded from freerouting.json
2023-11-05 21:38:58.836 [main] INFO  Opening '/home/n/src/ergogen/output/pcbs/nib.dsn'...
2023-11-05 21:38:59.483 [main] INFO  Opening 'freerouting.rules'...
2023-11-05 21:38:59.491 [main] WARN  Network.insert_net_class: clearance class not found at 'PowerGround'
2023-11-05 21:38:59.498 [ForkJoinPool.commonPool-worker-1] INFO  New version available: v1.9.0
2023-11-05 21:38:59.785 [Thread-1] INFO  Starting auto-routing...
2023-11-05 21:39:35.990 [Thread-1] WARN  There were only 17.80 changes in the last 20 passes, so it's very likely that autorouter can't improve the result much further. It is recommended to stop it and finish the board manually.
2023-11-05 21:39:45.315 [Thread-1] INFO  Auto-routing was completed in 45.53 seconds.
2023-11-05 21:39:45.416 [Thread-1] INFO  Starting route optimization on 1 thread...
2023-11-05 21:40:04.149 [Thread-1] INFO  Route optimization was completed in 18.73 seconds.
2023-11-05 21:40:04.162 [Thread-1] INFO  Saving '/home/n/src/ergogen/output/pcbs/nib.ses'...
2023-11-05 21:43:10.587 [main] INFO  Freerouting v1.9.0 (build-date: 2023-10-30)
2023-11-05 21:43:10.622 [main] INFO  Settings were loaded from freerouting.json
2023-11-05 21:43:11.637 [main] INFO  Opening '/home/n/src/ergogen/output/pcbs/nib.dsn'...
2023-11-05 21:43:12.050 [ForkJoinPool.commonPool-worker-1] INFO  New version available: v1.9.0
2023-11-05 21:43:12.412 [main] INFO  Opening '/home/n/src/ergogen/freerouting.rules'...
2023-11-05 21:43:12.417 [main] WARN  Network.insert_net_class: clearance class not found at 'PowerGround'
2023-11-05 21:45:28.197 [main] INFO  Freerouting v1.9.0 (build-date: 2023-10-30)
2023-11-05 21:45:28.232 [main] INFO  Settings were loaded from freerouting.json
2023-11-05 21:45:29.249 [main] INFO  Opening '/home/n/src/ergogen/output/pcbs/nib.dsn'...
2023-11-05 21:45:29.651 [ForkJoinPool.commonPool-worker-1] INFO  New version available: v1.9.0
2023-11-05 21:45:29.893 [main] INFO  Opening '/home/n/src/ergogen/freerouting.rules'...
2023-11-05 21:45:51.021 [Thread-28] INFO  Starting auto-routing...
2023-11-05 21:46:28.378 [Thread-28] WARN  There were only 17.75 changes in the last 20 passes, so it's very likely that autorouter can't improve the result much further. It is recommended to stop it and finish the board manually.
2023-11-05 21:46:57.053 [Thread-28] WARN  There were only 11.25 changes in the last 40 passes, so it's very likely that autorouter can't improve the result much further. It is recommended to stop it and finish the board manually.
2023-11-05 21:47:37.751 [main] INFO  Freerouting v1.9.0 (build-date: 2023-10-30)
2023-11-05 21:47:37.785 [main] INFO  Settings were loaded from freerouting.json
2023-11-05 21:47:38.800 [main] INFO  Opening '/home/n/src/ergogen/output/pcbs/nib.dsn'...
2023-11-05 21:47:39.543 [ForkJoinPool.commonPool-worker-1] INFO  New version available: v1.9.0
2023-11-05 21:47:39.584 [main] INFO  Opening 'freerouting.rules'...
2023-11-05 21:47:39.790 [Thread-1] INFO  Starting auto-routing...
2023-11-05 21:48:16.277 [Thread-1] WARN  There were only 17.75 changes in the last 20 passes, so it's very likely that autorouter can't improve the result much further. It is recommended to stop it and finish the board manually.
2023-11-05 21:48:25.554 [Thread-1] INFO  Auto-routing was completed in 45.76 seconds.
2023-11-05 21:48:25.654 [Thread-1] INFO  Starting route optimization on 1 thread...
2023-11-05 21:48:44.938 [Thread-1] INFO  Route optimization was completed in 19.28 seconds.
2023-11-05 21:48:44.951 [Thread-1] INFO  Saving '/home/n/src/ergogen/output/pcbs/nib.ses'...
2023-11-05 21:51:14.574 [main] INFO  Freerouting v1.9.0 (build-date: 2023-10-30)
2023-11-05 21:51:14.609 [main] INFO  Settings were loaded from freerouting.json
2023-11-05 21:51:15.624 [main] INFO  Opening '/home/n/src/ergogen/output/pcbs/nib.dsn'...
2023-11-05 21:51:16.155 [ForkJoinPool.commonPool-worker-1] INFO  New version available: v1.9.0
2023-11-05 21:51:16.275 [main] INFO  Opening 'freerouting.rules'...
2023-11-05 21:51:16.580 [Thread-1] INFO  Starting auto-routing...
2023-11-05 21:51:52.673 [Thread-1] WARN  There were only 17.75 changes in the last 20 passes, so it's very likely that autorouter can't improve the result much further. It is recommended to stop it and finish the board manually.
2023-11-05 21:52:20.143 [Thread-1] WARN  There were only 11.25 changes in the last 40 passes, so it's very likely that autorouter can't improve the result much further. It is recommended to stop it and finish the board manually.
2023-11-05 21:52:28.167 [Thread-1] INFO  Auto-routing was completed in 1 minute(s) 11.58 seconds.
2023-11-05 21:52:28.268 [Thread-1] INFO  Starting route optimization on 1 thread...
2023-11-05 21:52:46.970 [Thread-1] INFO  Route optimization was completed in 18.70 seconds.
2023-11-05 21:52:46.983 [Thread-1] INFO  Saving '/home/n/src/ergogen/output/pcbs/nib.ses'...
2023-11-05 21:58:29.000 [main] INFO  Freerouting v1.9.0 (build-date: 2023-10-30)
2023-11-05 21:58:29.035 [main] INFO  Settings were loaded from freerouting.json
2023-11-05 21:58:30.049 [main] INFO  Opening '/home/n/src/ergogen/output/pcbs/nib.dsn'...
2023-11-05 21:58:30.738 [ForkJoinPool.commonPool-worker-1] INFO  New version available: v1.9.0
2023-11-05 21:58:30.840 [main] INFO  Opening 'freerouting.rules'...
2023-11-05 21:58:31.031 [Thread-1] INFO  Starting auto-routing...
2023-11-05 21:59:07.800 [Thread-1] WARN  There were only 17.75 changes in the last 20 passes, so it's very likely that autorouter can't improve the result much further. It is recommended to stop it and finish the board manually.
2023-11-05 21:59:35.633 [Thread-1] WARN  There were only 11.25 changes in the last 40 passes, so it's very likely that autorouter can't improve the result much further. It is recommended to stop it and finish the board manually.
2023-11-05 21:59:43.735 [Thread-1] INFO  Auto-routing was completed in 1 minute(s) 12.70 seconds.
2023-11-05 21:59:43.835 [Thread-1] INFO  Starting route optimization on 1 thread...
2023-11-05 22:00:02.952 [Thread-1] INFO  Route optimization was completed in 19.12 seconds.
2023-11-05 22:00:02.965 [Thread-1] INFO  Saving '/home/n/src/ergogen/output/pcbs/nib.ses'...
2023-11-05 22:03:06.180 [main] INFO  Freerouting v1.9.0 (build-date: 2023-10-30)
2023-11-05 22:03:06.216 [main] INFO  Settings were loaded from freerouting.json
2023-11-05 22:03:07.230 [main] INFO  Opening '/home/n/src/ergogen/output/pcbs/nib.dsn'...
2023-11-05 22:03:07.832 [ForkJoinPool.commonPool-worker-1] INFO  New version available: v1.9.0
2023-11-05 22:03:08.081 [main] INFO  Opening 'freerouting.rules'...
2023-11-05 22:03:08.219 [Thread-1] INFO  Starting auto-routing...
2023-11-05 22:03:26.116 [AWT-EventQueue-0] ERROR Cannot invoke "app.freerouting.geometry.planar.FloatPoint.rotate(double, app.freerouting.geometry.planar.FloatPoint)" because "p_point" is null
java.lang.NullPointerException: Cannot invoke "app.freerouting.geometry.planar.FloatPoint.rotate(double, app.freerouting.geometry.planar.FloatPoint)" because "p_point" is null
	at app.freerouting.boardgraphics.CoordinateTransform.board_to_screen(CoordinateTransform.java:82) ~[freerouting-1.9.0.jar:unspecified]
	at app.freerouting.interactive.InteractiveState.mouse_wheel_moved(InteractiveState.java:90) ~[freerouting-1.9.0.jar:unspecified]
	at app.freerouting.interactive.BoardHandling.mouse_wheel_moved(BoardHandling.java:721) ~[freerouting-1.9.0.jar:unspecified]
	at app.freerouting.gui.BoardPanel.lambda$default_init$0(BoardPanel.java:123) ~[freerouting-1.9.0.jar:unspecified]
	at java.awt.Component.processMouseWheelEvent(Component.java:6709) ~[?:?]
	at java.awt.Component.processEvent(Component.java:6393) ~[?:?]
	at java.awt.Container.processEvent(Container.java:2266) ~[?:?]
	at java.awt.Component.dispatchEventImpl(Component.java:4996) ~[?:?]
	at java.awt.Container.dispatchEventImpl(Container.java:2324) ~[?:?]
	at java.awt.Component.dispatchEvent(Component.java:4828) ~[?:?]
	at java.awt.LightweightDispatcher.retargetMouseEvent(Container.java:4948) ~[?:?]
	at java.awt.LightweightDispatcher.processMouseEvent(Container.java:4604) ~[?:?]
	at java.awt.LightweightDispatcher.dispatchEvent(Container.java:4516) ~[?:?]
	at java.awt.Container.dispatchEventImpl(Container.java:2310) ~[?:?]
	at java.awt.Window.dispatchEventImpl(Window.java:2780) ~[?:?]
	at java.awt.Component.dispatchEvent(Component.java:4828) ~[?:?]
	at java.awt.EventQueue.dispatchEventImpl(EventQueue.java:775) ~[?:?]
	at java.awt.EventQueue$4.run(EventQueue.java:720) ~[?:?]
	at java.awt.EventQueue$4.run(EventQueue.java:714) ~[?:?]
	at java.security.AccessController.doPrivileged(AccessController.java:400) ~[?:?]
	at java.security.ProtectionDomain$JavaSecurityAccessImpl.doIntersectionPrivilege(ProtectionDomain.java:87) ~[?:?]
	at java.security.ProtectionDomain$JavaSecurityAccessImpl.doIntersectionPrivilege(ProtectionDomain.java:98) ~[?:?]
	at java.awt.EventQueue$5.run(EventQueue.java:747) ~[?:?]
	at java.awt.EventQueue$5.run(EventQueue.java:745) ~[?:?]
	at java.security.AccessController.doPrivileged(AccessController.java:400) ~[?:?]
	at java.security.ProtectionDomain$JavaSecurityAccessImpl.doIntersectionPrivilege(ProtectionDomain.java:87) ~[?:?]
	at java.awt.EventQueue.dispatchEvent(EventQueue.java:744) ~[?:?]
	at java.awt.EventDispatchThread.pumpOneEventForFilters(EventDispatchThread.java:203) [?:?]
	at java.awt.EventDispatchThread.pumpEventsForFilter(EventDispatchThread.java:124) [?:?]
	at java.awt.EventDispatchThread.pumpEventsForHierarchy(EventDispatchThread.java:113) [?:?]
	at java.awt.EventDispatchThread.pumpEvents(EventDispatchThread.java:109) [?:?]
	at java.awt.EventDispatchThread.pumpEvents(EventDispatchThread.java:101) [?:?]
	at java.awt.EventDispatchThread.run(EventDispatchThread.java:90) [?:?]
2023-11-05 22:04:13.120 [main] INFO  Freerouting v1.9.0 (build-date: 2023-10-30)
2023-11-05 22:04:13.155 [main] INFO  Settings were loaded from freerouting.json
2023-11-05 22:04:14.170 [main] INFO  Opening '/home/n/src/ergogen/output/pcbs/nib.dsn'...
2023-11-05 22:04:14.816 [ForkJoinPool.commonPool-worker-1] INFO  New version available: v1.9.0
2023-11-05 22:04:14.947 [main] INFO  Opening 'freerouting.rules'...
2023-11-05 22:04:15.133 [Thread-1] INFO  Starting auto-routing...
2023-11-05 22:04:19.541 [AWT-EventQueue-0] ERROR Cannot invoke "app.freerouting.geometry.planar.FloatPoint.rotate(double, app.freerouting.geometry.planar.FloatPoint)" because "p_point" is null
java.lang.NullPointerException: Cannot invoke "app.freerouting.geometry.planar.FloatPoint.rotate(double, app.freerouting.geometry.planar.FloatPoint)" because "p_point" is null
	at app.freerouting.boardgraphics.CoordinateTransform.board_to_screen(CoordinateTransform.java:82) ~[freerouting-1.9.0.jar:unspecified]
	at app.freerouting.interactive.InteractiveState.mouse_wheel_moved(InteractiveState.java:90) ~[freerouting-1.9.0.jar:unspecified]
	at app.freerouting.interactive.BoardHandling.mouse_wheel_moved(BoardHandling.java:721) ~[freerouting-1.9.0.jar:unspecified]
	at app.freerouting.gui.BoardPanel.lambda$default_init$0(BoardPanel.java:123) ~[freerouting-1.9.0.jar:unspecified]
	at java.awt.Component.processMouseWheelEvent(Component.java:6709) ~[?:?]
	at java.awt.Component.processEvent(Component.java:6393) ~[?:?]
	at java.awt.Container.processEvent(Container.java:2266) ~[?:?]
	at java.awt.Component.dispatchEventImpl(Component.java:4996) ~[?:?]
	at java.awt.Container.dispatchEventImpl(Container.java:2324) ~[?:?]
	at java.awt.Component.dispatchEvent(Component.java:4828) ~[?:?]
	at java.awt.LightweightDispatcher.retargetMouseEvent(Container.java:4948) ~[?:?]
	at java.awt.LightweightDispatcher.processMouseEvent(Container.java:4604) ~[?:?]
	at java.awt.LightweightDispatcher.dispatchEvent(Container.java:4516) ~[?:?]
	at java.awt.Container.dispatchEventImpl(Container.java:2310) ~[?:?]
	at java.awt.Window.dispatchEventImpl(Window.java:2780) ~[?:?]
	at java.awt.Component.dispatchEvent(Component.java:4828) ~[?:?]
	at java.awt.EventQueue.dispatchEventImpl(EventQueue.java:775) ~[?:?]
	at java.awt.EventQueue$4.run(EventQueue.java:720) ~[?:?]
	at java.awt.EventQueue$4.run(EventQueue.java:714) ~[?:?]
	at java.security.AccessController.doPrivileged(AccessController.java:400) ~[?:?]
	at java.security.ProtectionDomain$JavaSecurityAccessImpl.doIntersectionPrivilege(ProtectionDomain.java:87) ~[?:?]
	at java.security.ProtectionDomain$JavaSecurityAccessImpl.doIntersectionPrivilege(ProtectionDomain.java:98) ~[?:?]
	at java.awt.EventQueue$5.run(EventQueue.java:747) ~[?:?]
	at java.awt.EventQueue$5.run(EventQueue.java:745) ~[?:?]
	at java.security.AccessController.doPrivileged(AccessController.java:400) ~[?:?]
	at java.security.ProtectionDomain$JavaSecurityAccessImpl.doIntersectionPrivilege(ProtectionDomain.java:87) ~[?:?]
	at java.awt.EventQueue.dispatchEvent(EventQueue.java:744) ~[?:?]
	at java.awt.EventDispatchThread.pumpOneEventForFilters(EventDispatchThread.java:203) [?:?]
	at java.awt.EventDispatchThread.pumpEventsForFilter(EventDispatchThread.java:124) [?:?]
	at java.awt.EventDispatchThread.pumpEventsForHierarchy(EventDispatchThread.java:113) [?:?]
	at java.awt.EventDispatchThread.pumpEvents(EventDispatchThread.java:109) [?:?]
	at java.awt.EventDispatchThread.pumpEvents(EventDispatchThread.java:101) [?:?]
	at java.awt.EventDispatchThread.run(EventDispatchThread.java:90) [?:?]
2023-11-05 22:04:53.898 [Thread-1] WARN  There were only 16.35 changes in the last 20 passes, so it's very likely that autorouter can't improve the result much further. It is recommended to stop it and finish the board manually.
2023-11-05 22:05:02.446 [Thread-1] INFO  Auto-routing was completed in 47.31 seconds.
2023-11-05 22:05:02.547 [Thread-1] INFO  Starting route optimization on 1 thread...
2023-11-05 22:05:21.894 [Thread-1] INFO  Route optimization was completed in 19.35 seconds.
2023-11-05 22:05:21.907 [Thread-1] INFO  Saving '/home/n/src/ergogen/output/pcbs/nib.ses'...
2023-11-05 22:12:22.667 [main] INFO  Freerouting v1.9.0 (build-date: 2023-10-30)
2023-11-05 22:12:22.701 [main] INFO  Settings were loaded from freerouting.json
2023-11-05 22:12:23.716 [main] INFO  Opening '/home/n/src/ergogen/output/pcbs/nib.dsn'...
2023-11-05 22:12:24.284 [ForkJoinPool.commonPool-worker-1] INFO  New version available: v1.9.0
2023-11-05 22:12:24.367 [main] INFO  Opening 'freerouting.rules'...
2023-11-05 22:12:24.677 [Thread-1] INFO  Starting auto-routing...
2023-11-05 22:12:57.401 [Thread-1] WARN  There were only 17.50 changes in the last 20 passes, so it's very likely that autorouter can't improve the result much further. It is recommended to stop it and finish the board manually.
2023-11-05 22:13:05.945 [Thread-1] INFO  Auto-routing was completed in 41.27 seconds.
2023-11-05 22:13:06.046 [Thread-1] INFO  Starting route optimization on 1 thread...
2023-11-05 22:13:24.358 [Thread-1] INFO  Route optimization was completed in 18.31 seconds.
2023-11-05 22:13:24.369 [Thread-1] INFO  Saving '/home/n/src/ergogen/output/pcbs/nib.ses'...
